Arguments: 
  /usr/bin/node /usr/bin/yarn add react-responsive-carouselcd ui

PATH: 
  /home/thierry.gibralta/Desktop/ptrc_software/Python-2.7.8:/home/thierry.gibralta/Desktop/ptrc_software/Python-2.7.8:/usr/local/bin:/usr/local/sbin:/usr/bin:/usr/sbin:/bin:/sbin:/home/thierry.gibralta/.local/bin:/home/thierry.gibralta/bin

Yarn version: 
  0.24.5

Node version: 
  6.12.3

Platform: 
  linux x64

npm manifest: 
  {
    "dependencies": {
      "react-responsive-carousel": "^3.1.41"
    }
  }

yarn manifest: 
  No manifest

Lockfile: 
  # THIS IS AN AUTOGENERATED FILE. DO NOT EDIT THIS FILE DIRECTLY.
  # yarn lockfile v1
  
  
  classnames@^2.2.5:
    version "2.2.6"
    resolved "https://registry.yarnpkg.com/classnames/-/classnames-2.2.6.tgz#43935bffdd291f326dad0a205309b38d00f650ce"
  
  js-tokens@^3.0.0:
    version "3.0.2"
    resolved "https://registry.yarnpkg.com/js-tokens/-/js-tokens-3.0.2.tgz#9866df395102130e38f7f996bceb65443209c25b"
  
  loose-envify@^1.3.1:
    version "1.3.1"
    resolved "https://registry.yarnpkg.com/loose-envify/-/loose-envify-1.3.1.tgz#d1a8ad33fa9ce0e713d65fdd0ac8b748d478c848"
    dependencies:
      js-tokens "^3.0.0"
  
  object-assign@^4.1.1:
    version "4.1.1"
    resolved "https://registry.yarnpkg.com/object-assign/-/object-assign-4.1.1.tgz#2109adc7965887cfc05cbbd442cac8bfbb360863"
  
  prop-types@^15.5.8:
    version "15.6.2"
    resolved "https://registry.yarnpkg.com/prop-types/-/prop-types-15.6.2.tgz#05d5ca77b4453e985d60fc7ff8c859094a497102"
    dependencies:
      loose-envify "^1.3.1"
      object-assign "^4.1.1"
  
  react-easy-swipe@^0.0.16:
    version "0.0.16"
    resolved "https://registry.yarnpkg.com/react-easy-swipe/-/react-easy-swipe-0.0.16.tgz#5a3d949a8f975d05be92a818254315d1318a81ea"
    dependencies:
      prop-types "^15.5.8"
  
  react-responsive-carousel@^3.1.41:
    version "3.1.41"
    resolved "https://registry.yarnpkg.com/react-responsive-carousel/-/react-responsive-carousel-3.1.41.tgz#b100f192ae7b147bf87eb17942ac5738cfd146fb"
    dependencies:
      classnames "^2.2.5"
      prop-types "^15.5.8"
      react-easy-swipe "^0.0.16"

Trace: 
  Error: http://registry.npmjs.org/react-responsive-carouselcd: Not found
      at Request.params.callback [as _callback] (/usr/lib/node_modules/yarn/lib/util/request-manager.js:326:18)
      at Request.self.callback (/usr/lib/node_modules/yarn/node_modules/request/request.js:188:22)
      at emitTwo (events.js:106:13)
      at Request.emit (events.js:191:7)
      at Request.<anonymous> (/usr/lib/node_modules/yarn/node_modules/request/request.js:1171:10)
      at emitOne (events.js:96:13)
      at Request.emit (events.js:188:7)
      at IncomingMessage.<anonymous> (/usr/lib/node_modules/yarn/node_modules/request/request.js:1091:12)
      at IncomingMessage.g (events.js:292:16)
      at emitNone (events.js:91:20)
